commit 78a6a70d0dce2282bf38b9a177d3cae614583c76
Merge: 07b97b0 daaa53f
Author: hung-pham <hung@fabfitfun.com>
Date:   Thu Apr 27 10:24:00 2017 +0700

    Merge pull request #4 from fabfitfun/feature/abcTest
    
    Update text.txt

commit daaa53ffe77b0aaf14f2bd28155c5fa817b37a51
Author: hung-pham <hung@fabfitfun.com>
Date:   Thu Apr 27 10:23:27 2017 +0700

    Update text.txt

commit 07b97b02ff1836127729a2507130adcfd0277d75
Merge: 1ddf261 6021cd7
Author: hung-pham <hung@fabfitfun.com>
Date:   Thu Apr 27 09:53:53 2017 +0700

    Merge pull request #3 from fabfitfun/fiction
    
    Update text.txt

commit 6021cd78fece18f695aaff6b7c6830cf491e421c
Author: hung-pham <hung@fabfitfun.com>
Date:   Thu Apr 27 09:53:09 2017 +0700

    Update text.txt

commit 1ddf2611fe031d56c3feae1832cdbb173714680c
Author: hung-pham <hung@fabfitfun.com>
Date:   Thu Apr 27 09:52:32 2017 +0700

    Update text.txt

commit 25236be09e3136f260a8a0ab5cd4127179a7dae6
Author: hung-pham <hung@fabfitfun.com>
Date:   Thu Apr 27 09:24:49 2017 +0700

    Update text.txt

commit 68fc8ab269de0aef0c5f1cdd595222363c6ea2fc
Author: hung-pham <hung@fabfitfun.com>
Date:   Thu Apr 27 09:18:18 2017 +0700

    Update text.txt

commit 3ee8c9cfa59e8dafb7a285397bd2c3cafab49e5d
Merge: e8eb69a 4736e45
Author: Dong Phan <dong@hyperion360.com>
Date:   Thu Apr 20 15:59:30 2017 +0700

    Merge pull request #1 from fabfitfun/fiction
    
    Added a line for fiction

commit 4736e454589879822c64adb78b33c683de29c67c
Author: Dong P. PHAN <dong@fabfitfun.com>
Date:   Thu Apr 20 15:57:00 2017 +0700

    Added a line for fiction

commit e8eb69a7d3edf0bbc035c42dddb2b26d1ed192c7
Author: Dong P. PHAN <dong@fabfitfun.com>
Date:   Thu Apr 20 15:41:09 2017 +0700

    Added the first text line

commit 54d2a6f6c09a2feccf89488695fd81635b36bfda
Author: Dong P. PHAN <dong@fabfitfun.com>
Date:   Thu Apr 20 15:20:53 2017 +0700

    First commit
